<?xml version="1.0" encoding="UTF-8"?>
<!-- Generated by org.testng.reporters.JUnitReportReporter -->
<testsuite skipped="0" hostname="Mushtaqs-MacBook-Air.local" name="testcases.RunMergeLead" tests="1" failures="0" timestamp="2020-01-28T23:20:53 IST" time="25.402" errors="0">
  <testcase name="runMergeLead" time="25.402" classname="testcases.RunMergeLead"/>
</testsuite> <!-- testcases.RunMergeLead -->
