<?xml version="1.0" encoding="UTF-8"?>
<!-- Generated by org.testng.reporters.JUnitReportReporter -->
<testsuite skipped="0" hostname="Mushtaqs-MacBook-Air.local" name="testcases.RunCreateLead" tests="3" failures="0" timestamp="2020-01-26T20:34:14 IST" time="54.840" errors="0">
  <testcase name="runCreateLead" time="15.456" classname="testcases.RunCreateLead"/>
  <testcase name="runCreateLead" time="18.232" classname="testcases.RunCreateLead"/>
  <testcase name="runCreateLead" time="21.152" classname="testcases.RunCreateLead"/>
</testsuite> <!-- testcases.RunCreateLead -->
