<?xml version="1.0" encoding="UTF-8"?>
<!-- Generated by org.testng.reporters.JUnitReportReporter -->
<testsuite skipped="0" hostname="Mushtaqs-MacBook-Air.local" name="testcases.RunDeleteLead" tests="1" failures="0" timestamp="2020-01-27T22:49:33 IST" time="27.795" errors="0">
  <testcase name="runDeleteLead" time="27.795" classname="testcases.RunDeleteLead"/>
</testsuite> <!-- testcases.RunDeleteLead -->
