<?xml version="1.0" encoding="UTF-8"?>
<!-- Generated by org.testng.reporters.JUnitReportReporter -->
<testsuite skipped="0" hostname="Mushtaqs-MacBook-Air.local" name="testcases.RunDuplicateLead" tests="1" failures="0" timestamp="2020-01-28T00:23:54 IST" time="20.842" errors="0">
  <testcase name="runDeleteLead" time="20.842" classname="testcases.RunDuplicateLead"/>
</testsuite> <!-- testcases.RunDuplicateLead -->
