<?xml version="1.0" encoding="UTF-8"?>
<!-- Generated by org.testng.reporters.JUnitReportReporter -->
<testsuite skipped="0" hostname="Mushtaqs-MacBook-Air.local" name="testcases.RunEditLead" tests="1" failures="0" timestamp="2020-01-27T23:33:52 IST" time="25.997" errors="0">
  <testcase name="runEditLead" time="25.997" classname="testcases.RunEditLead"/>
</testsuite> <!-- testcases.RunEditLead -->
